Determining if the pthread_create exist failed with the following output:
Change Dir: /home/aniket/moveit/build/CMakeFiles/CMakeTmp

Run Build Command:/usr/bin/make "cmTryCompileExec3271688360/fast"
/usr/bin/make -f CMakeFiles/cmTryCompileExec3271688360.dir/build.make CMakeFiles/cmTryCompileExec3271688360.dir/build
make[1]: Entering directory `/home/aniket/moveit/build/CMakeFiles/CMakeTmp'
/usr/bin/cmake -E cmake_progress_report /home/aniket/moveit/build/CMakeFiles/CMakeTmp/CMakeFiles 1
Building C object CMakeFiles/cmTryCompileExec3271688360.dir/CheckSymbolExists.c.o
/usr/bin/cc    -o CMakeFiles/cmTryCompileExec3271688360.dir/CheckSymbolExists.c.o   -c /home/aniket/moveit/build/CMakeFiles/CMakeTmp/CheckSymbolExists.c
Linking C executable cmTryCompileExec3271688360
/usr/bin/cmake -E cmake_link_script CMakeFiles/cmTryCompileExec3271688360.dir/link.txt --verbose=1
/usr/bin/cc       CMakeFiles/cmTryCompileExec3271688360.dir/CheckSymbolExists.c.o  -o cmTryCompileExec3271688360 -rdynamic 
CMakeFiles/cmTryCompileExec3271688360.dir/CheckSymbolExists.c.o: In function `main':
CheckSymbolExists.c:(.text+0x16): undefined reference to `pthread_create'
collect2: error: ld returned 1 exit status
make[1]: Leaving directory `/home/aniket/moveit/build/CMakeFiles/CMakeTmp'
make[1]: *** [cmTryCompileExec3271688360] Error 1
make: *** [cmTryCompileExec3271688360/fast] Error 2

File /home/aniket/moveit/build/CMakeFiles/CMakeTmp/CheckSymbolExists.c:
/* */
#include <pthread.h>

int main(int argc, char** argv)
{
  (void)argv;
#ifndef pthread_create
  return ((int*)(&pthread_create))[argc];
#else
  (void)argc;
  return 0;
#endif
}

Determining if the function pthread_create exists in the pthreads failed with the following output:
Change Dir: /home/aniket/moveit/build/CMakeFiles/CMakeTmp

Run Build Command:/usr/bin/make "cmTryCompileExec316098509/fast"
/usr/bin/make -f CMakeFiles/cmTryCompileExec316098509.dir/build.make CMakeFiles/cmTryCompileExec316098509.dir/build
make[1]: Entering directory `/home/aniket/moveit/build/CMakeFiles/CMakeTmp'
/usr/bin/cmake -E cmake_progress_report /home/aniket/moveit/build/CMakeFiles/CMakeTmp/CMakeFiles 1
Building C object CMakeFiles/cmTryCompileExec316098509.dir/CheckFunctionExists.c.o
/usr/bin/cc   -DCHECK_FUNCTION_EXISTS=pthread_create   -o CMakeFiles/cmTryCompileExec316098509.dir/CheckFunctionExists.c.o   -c /usr/share/cmake-2.8/Modules/CheckFunctionExists.c
Linking C executable cmTryCompileExec316098509
/usr/bin/cmake -E cmake_link_script CMakeFiles/cmTryCompileExec316098509.dir/link.txt --verbose=1
/usr/bin/cc   -DCHECK_FUNCTION_EXISTS=pthread_create    CMakeFiles/cmTryCompileExec316098509.dir/CheckFunctionExists.c.o  -o cmTryCompileExec316098509 -rdynamic -lpthreads 
/usr/bin/ld: cannot find -lpthreads
collect2: error: ld returned 1 exit status
make[1]: *** [cmTryCompileExec316098509] Error 1
make[1]: Leaving directory `/home/aniket/moveit/build/CMakeFiles/CMakeTmp'
make: *** [cmTryCompileExec316098509/fast] Error 2


Determining if the Q_WS_WIN exist failed with the following output:
Change Dir: /home/aniket/moveit/build/CMakeFiles/CMakeTmp

Run Build Command:/usr/bin/make "cmTryCompileExec4035620238/fast"
/usr/bin/make -f CMakeFiles/cmTryCompileExec4035620238.dir/build.make CMakeFiles/cmTryCompileExec4035620238.dir/build
make[1]: Entering directory `/home/aniket/moveit/build/CMakeFiles/CMakeTmp'
/usr/bin/cmake -E cmake_progress_report /home/aniket/moveit/build/CMakeFiles/CMakeTmp/CMakeFiles 1
Building CXX object CMakeFiles/cmTryCompileExec4035620238.dir/CheckSymbolExists.cxx.o
/usr/bin/c++    -I/usr/include/qt4    -o CMakeFiles/cmTryCompileExec4035620238.dir/CheckSymbolExists.cxx.o -c /home/aniket/moveit/build/CMakeFiles/CMakeTmp/CheckSymbolExists.cxx
/home/aniket/moveit/build/CMakeFiles/CMakeTmp/CheckSymbolExists.cxx: In function ‘int main(int, char**)’:
/home/aniket/moveit/build/CMakeFiles/CMakeTmp/CheckSymbolExists.cxx:8:19: error: ‘Q_WS_WIN’ was not declared in this scope
   return ((int*)(&Q_WS_WIN))[argc];
                   ^
make[1]: *** [CMakeFiles/cmTryCompileExec4035620238.dir/CheckSymbolExists.cxx.o] Error 1
make[1]: Leaving directory `/home/aniket/moveit/build/CMakeFiles/CMakeTmp'
make: *** [cmTryCompileExec4035620238/fast] Error 2

File /home/aniket/moveit/build/CMakeFiles/CMakeTmp/CheckSymbolExists.cxx:
/* */
#include <QtCore/qglobal.h>

int main(int argc, char** argv)
{
  (void)argv;
#ifndef Q_WS_WIN
  return ((int*)(&Q_WS_WIN))[argc];
#else
  (void)argc;
  return 0;
#endif
}

Determining if the Q_WS_QWS exist failed with the following output:
Change Dir: /home/aniket/moveit/build/CMakeFiles/CMakeTmp

Run Build Command:/usr/bin/make "cmTryCompileExec1744082523/fast"
/usr/bin/make -f CMakeFiles/cmTryCompileExec1744082523.dir/build.make CMakeFiles/cmTryCompileExec1744082523.dir/build
make[1]: Entering directory `/home/aniket/moveit/build/CMakeFiles/CMakeTmp'
/usr/bin/cmake -E cmake_progress_report /home/aniket/moveit/build/CMakeFiles/CMakeTmp/CMakeFiles 1
Building CXX object CMakeFiles/cmTryCompileExec1744082523.dir/CheckSymbolExists.cxx.o
/usr/bin/c++    -I/usr/include/qt4    -o CMakeFiles/cmTryCompileExec1744082523.dir/CheckSymbolExists.cxx.o -c /home/aniket/moveit/build/CMakeFiles/CMakeTmp/CheckSymbolExists.cxx
/home/aniket/moveit/build/CMakeFiles/CMakeTmp/CheckSymbolExists.cxx: In function ‘int main(int, char**)’:
/home/aniket/moveit/build/CMakeFiles/CMakeTmp/CheckSymbolExists.cxx:8:19: error: ‘Q_WS_QWS’ was not declared in this scope
   return ((int*)(&Q_WS_QWS))[argc];
                   ^
make[1]: *** [CMakeFiles/cmTryCompileExec1744082523.dir/CheckSymbolExists.cxx.o] Error 1
make[1]: Leaving directory `/home/aniket/moveit/build/CMakeFiles/CMakeTmp'
make: *** [cmTryCompileExec1744082523/fast] Error 2

File /home/aniket/moveit/build/CMakeFiles/CMakeTmp/CheckSymbolExists.cxx:
/* */
#include <QtCore/qglobal.h>

int main(int argc, char** argv)
{
  (void)argv;
#ifndef Q_WS_QWS
  return ((int*)(&Q_WS_QWS))[argc];
#else
  (void)argc;
  return 0;
#endif
}

Determining if the Q_WS_MAC exist failed with the following output:
Change Dir: /home/aniket/moveit/build/CMakeFiles/CMakeTmp

Run Build Command:/usr/bin/make "cmTryCompileExec2133863896/fast"
/usr/bin/make -f CMakeFiles/cmTryCompileExec2133863896.dir/build.make CMakeFiles/cmTryCompileExec2133863896.dir/build
make[1]: Entering directory `/home/aniket/moveit/build/CMakeFiles/CMakeTmp'
/usr/bin/cmake -E cmake_progress_report /home/aniket/moveit/build/CMakeFiles/CMakeTmp/CMakeFiles 1
Building CXX object CMakeFiles/cmTryCompileExec2133863896.dir/CheckSymbolExists.cxx.o
/usr/bin/c++    -I/usr/include/qt4    -o CMakeFiles/cmTryCompileExec2133863896.dir/CheckSymbolExists.cxx.o -c /home/aniket/moveit/build/CMakeFiles/CMakeTmp/CheckSymbolExists.cxx
/home/aniket/moveit/build/CMakeFiles/CMakeTmp/CheckSymbolExists.cxx: In function ‘int main(int, char**)’:
/home/aniket/moveit/build/CMakeFiles/CMakeTmp/CheckSymbolExists.cxx:8:19: error: ‘Q_WS_MAC’ was not declared in this scope
   return ((int*)(&Q_WS_MAC))[argc];
                   ^
make[1]: *** [CMakeFiles/cmTryCompileExec2133863896.dir/CheckSymbolExists.cxx.o] Error 1
make[1]: Leaving directory `/home/aniket/moveit/build/CMakeFiles/CMakeTmp'
make: *** [cmTryCompileExec2133863896/fast] Error 2

File /home/aniket/moveit/build/CMakeFiles/CMakeTmp/CheckSymbolExists.cxx:
/* */
#include <QtCore/qglobal.h>

int main(int argc, char** argv)
{
  (void)argv;
#ifndef Q_WS_MAC
  return ((int*)(&Q_WS_MAC))[argc];
#else
  (void)argc;
  return 0;
#endif
}

